<?xml version="1.0" encoding="UTF-8"?>
<!-- Generated by org.testng.reporters.JUnitXMLReporter -->
<testsuite hostname="FNFI-LT-6115037" name="Default test" tests="3" failures="0" timestamp="15 Jan 2022 11:55:22 GMT" time="32.081" errors="0">
  <testcase name="verifyLogin" time="5.255" classname="com.test.LoginValidation"/>
  <testcase name="verifyLogin" time="5.206" classname="com.test.LoginValidation"/>
  <testcase name="verifyLogin" time="5.218" classname="com.test.LoginValidation"/>
</testsuite> <!-- Default test -->
